<?xml version="1.0" encoding="UTF-8"?>
<!-- Generated by org.testng.reporters.JUnitXMLReporter -->
<testsuite ignored="0" hostname="DESKTOP-RVREAOI" failures="0" tests="1" name="Test(failed)(failed)(failed)" time="3.725" errors="0" timestamp="05 Mar 2022 09:15:04 GMT">
  <testcase classname="tests.TestMethod" name="@BeforeMethod setUp" time="3.665">
    <failure type="java.lang.NoSuchMethodError" message="&amp;apos;void org.openqa.selenium.support.PageFactory.initElements(org.openqa.selenium.WebDriver, java.lang.Object)&amp;apos;">
      <![CDATA[java.lang.NoSuchMethodError: 'void org.openqa.selenium.support.PageFactory.initElements(org.openqa.selenium.WebDriver, java.lang.Object)'
	at webpages.LoginPage.<init>(LoginPage.java:16)
	at tests.TestMethod.setUp(TestMethod.java:23)
... Removed 27 stack frames]]>
    </failure>
  </testcase> <!-- @BeforeMethod setUp -->
  <testcase classname="tests.TestMethod" name="loginTest" time="0.0">
    <skipped/>
  </testcase> <!-- loginTest -->
</testsuite> <!-- Test(failed)(failed)(failed) -->
